<?xml version="1.0" encoding="UTF-8"?>
<!-- Generated by org.testng.reporters.JUnitReportReporter -->
<testsuite hostname="WINCTRL-147JQKI" name="com.mobileautomation.WhatsApp" tests="1" failures="0" timestamp="22 Mar 2016 07:37:39 GMT" time="10.578" errors="0">
  <testcase name="f" time="10.578" classname="com.mobileautomation.WhatsApp"/>
</testsuite> <!-- com.mobileautomation.WhatsApp -->
