<?xml version="1.0" encoding="UTF-8"?>
<!-- Generated by org.testng.reporters.JUnitReportReporter -->
<testsuite hostname="WINCTRL-147JQKI" name="com.mobileautomation.MakemyTrip_Search" tests="1" failures="0" timestamp="22 Mar 2016 00:33:05 GMT" time="0.008" errors="0">
  <testcase name="f" time="0.008" classname="com.mobileautomation.MakemyTrip_Search"/>
</testsuite> <!-- com.mobileautomation.MakemyTrip_Search -->
